<?xml version="1.0" encoding="UTF-8"?>
<!-- Generated by org.testng.reporters.JUnitReportReporter -->
<testsuite hostname="LAPTOP-JNLHEABH" failures="0" tests="1" name="com.page.object.pages.RRS_Labs_Main_Page" time="16.207" errors="0" timestamp="2022-03-23T09:06:33 EDT" skipped="0">
  <testcase classname="com.page.object.pages.RRS_Labs_Main_Page" name="nvgtRTS" time="16.207"/>
  <system-out/>
</testsuite> <!-- com.page.object.pages.RRS_Labs_Main_Page -->
